{"/home/sage/javascript-projects/weather/src/js/components/stateFromZip.js": {"path":"/home/sage/javascript-projects/weather/src/js/components/stateFromZip.js","statementMap":{"0":{"start":{"line":4,"column":4},"end":{"line":7,"column":5}},"1":{"start":{"line":5,"column":8},"end":{"line":5,"column":58}},"2":{"start":{"line":6,"column":8},"end":{"line":6,"column":15}},"3":{"start":{"line":10,"column":4},"end":{"line":13,"column":5}},"4":{"start":{"line":11,"column":8},"end":{"line":11,"column":52}},"5":{"start":{"line":12,"column":8},"end":{"line":12,"column":15}},"6":{"start":{"line":16,"column":20},"end":{"line":16,"column":43}},"7":{"start":{"line":22,"column":4},"end":{"line":182,"column":5}},"8":{"start":{"line":23,"column":8},"end":{"line":23,"column":18}},"9":{"start":{"line":24,"column":8},"end":{"line":24,"column":26}},"10":{"start":{"line":25,"column":11},"end":{"line":182,"column":5}},"11":{"start":{"line":26,"column":8},"end":{"line":26,"column":18}},"12":{"start":{"line":27,"column":8},"end":{"line":27,"column":25}},"13":{"start":{"line":28,"column":11},"end":{"line":182,"column":5}},"14":{"start":{"line":29,"column":8},"end":{"line":29,"column":18}},"15":{"start":{"line":30,"column":8},"end":{"line":30,"column":26}},"16":{"start":{"line":31,"column":11},"end":{"line":182,"column":5}},"17":{"start":{"line":32,"column":8},"end":{"line":32,"column":18}},"18":{"start":{"line":33,"column":8},"end":{"line":33,"column":27}},"19":{"start":{"line":34,"column":11},"end":{"line":182,"column":5}},"20":{"start":{"line":35,"column":8},"end":{"line":35,"column":18}},"21":{"start":{"line":36,"column":8},"end":{"line":36,"column":29}},"22":{"start":{"line":37,"column":11},"end":{"line":182,"column":5}},"23":{"start":{"line":38,"column":8},"end":{"line":38,"column":18}},"24":{"start":{"line":39,"column":8},"end":{"line":39,"column":27}},"25":{"start":{"line":40,"column":11},"end":{"line":182,"column":5}},"26":{"start":{"line":41,"column":8},"end":{"line":41,"column":18}},"27":{"start":{"line":42,"column":8},"end":{"line":42,"column":30}},"28":{"start":{"line":43,"column":11},"end":{"line":182,"column":5}},"29":{"start":{"line":44,"column":8},"end":{"line":44,"column":18}},"30":{"start":{"line":45,"column":8},"end":{"line":45,"column":27}},"31":{"start":{"line":46,"column":11},"end":{"line":182,"column":5}},"32":{"start":{"line":47,"column":8},"end":{"line":47,"column":18}},"33":{"start":{"line":48,"column":8},"end":{"line":48,"column":26}},"34":{"start":{"line":49,"column":11},"end":{"line":182,"column":5}},"35":{"start":{"line":50,"column":8},"end":{"line":50,"column":18}},"36":{"start":{"line":51,"column":8},"end":{"line":51,"column":26}},"37":{"start":{"line":52,"column":11},"end":{"line":182,"column":5}},"38":{"start":{"line":53,"column":8},"end":{"line":53,"column":18}},"39":{"start":{"line":54,"column":8},"end":{"line":54,"column":25}},"40":{"start":{"line":55,"column":11},"end":{"line":182,"column":5}},"41":{"start":{"line":56,"column":8},"end":{"line":56,"column":18}},"42":{"start":{"line":57,"column":8},"end":{"line":57,"column":24}},"43":{"start":{"line":58,"column":11},"end":{"line":182,"column":5}},"44":{"start":{"line":59,"column":8},"end":{"line":59,"column":18}},"45":{"start":{"line":60,"column":8},"end":{"line":60,"column":27}},"46":{"start":{"line":61,"column":11},"end":{"line":182,"column":5}},"47":{"start":{"line":62,"column":8},"end":{"line":62,"column":18}},"48":{"start":{"line":63,"column":8},"end":{"line":63,"column":26}},"49":{"start":{"line":64,"column":11},"end":{"line":182,"column":5}},"50":{"start":{"line":65,"column":8},"end":{"line":65,"column":18}},"51":{"start":{"line":66,"column":8},"end":{"line":66,"column":23}},"52":{"start":{"line":67,"column":11},"end":{"line":182,"column":5}},"53":{"start":{"line":68,"column":8},"end":{"line":68,"column":18}},"54":{"start":{"line":69,"column":8},"end":{"line":69,"column":25}},"55":{"start":{"line":70,"column":11},"end":{"line":182,"column":5}},"56":{"start":{"line":71,"column":8},"end":{"line":71,"column":18}},"57":{"start":{"line":72,"column":8},"end":{"line":72,"column":27}},"58":{"start":{"line":73,"column":11},"end":{"line":182,"column":5}},"59":{"start":{"line":74,"column":8},"end":{"line":74,"column":18}},"60":{"start":{"line":75,"column":8},"end":{"line":75,"column":28}},"61":{"start":{"line":76,"column":11},"end":{"line":182,"column":5}},"62":{"start":{"line":77,"column":8},"end":{"line":77,"column":18}},"63":{"start":{"line":78,"column":8},"end":{"line":78,"column":24}},"64":{"start":{"line":79,"column":11},"end":{"line":182,"column":5}},"65":{"start":{"line":80,"column":8},"end":{"line":80,"column":18}},"66":{"start":{"line":81,"column":8},"end":{"line":81,"column":27}},"67":{"start":{"line":82,"column":11},"end":{"line":182,"column":5}},"68":{"start":{"line":83,"column":8},"end":{"line":83,"column":18}},"69":{"start":{"line":84,"column":8},"end":{"line":84,"column":32}},"70":{"start":{"line":85,"column":11},"end":{"line":182,"column":5}},"71":{"start":{"line":86,"column":8},"end":{"line":86,"column":18}},"72":{"start":{"line":87,"column":8},"end":{"line":87,"column":27}},"73":{"start":{"line":88,"column":11},"end":{"line":182,"column":5}},"74":{"start":{"line":89,"column":8},"end":{"line":89,"column":18}},"75":{"start":{"line":90,"column":8},"end":{"line":90,"column":28}},"76":{"start":{"line":91,"column":11},"end":{"line":182,"column":5}},"77":{"start":{"line":92,"column":8},"end":{"line":92,"column":18}},"78":{"start":{"line":93,"column":8},"end":{"line":93,"column":30}},"79":{"start":{"line":94,"column":11},"end":{"line":182,"column":5}},"80":{"start":{"line":95,"column":8},"end":{"line":95,"column":18}},"81":{"start":{"line":96,"column":8},"end":{"line":96,"column":27}},"82":{"start":{"line":97,"column":11},"end":{"line":182,"column":5}},"83":{"start":{"line":98,"column":8},"end":{"line":98,"column":18}},"84":{"start":{"line":99,"column":8},"end":{"line":99,"column":26}},"85":{"start":{"line":100,"column":11},"end":{"line":182,"column":5}},"86":{"start":{"line":101,"column":8},"end":{"line":101,"column":18}},"87":{"start":{"line":102,"column":8},"end":{"line":102,"column":33}},"88":{"start":{"line":103,"column":11},"end":{"line":182,"column":5}},"89":{"start":{"line":104,"column":8},"end":{"line":104,"column":18}},"90":{"start":{"line":105,"column":8},"end":{"line":105,"column":31}},"91":{"start":{"line":106,"column":11},"end":{"line":182,"column":5}},"92":{"start":{"line":107,"column":8},"end":{"line":107,"column":18}},"93":{"start":{"line":108,"column":8},"end":{"line":108,"column":27}},"94":{"start":{"line":109,"column":11},"end":{"line":182,"column":5}},"95":{"start":{"line":110,"column":8},"end":{"line":110,"column":18}},"96":{"start":{"line":111,"column":8},"end":{"line":111,"column":25}},"97":{"start":{"line":112,"column":11},"end":{"line":182,"column":5}},"98":{"start":{"line":113,"column":8},"end":{"line":113,"column":18}},"99":{"start":{"line":114,"column":8},"end":{"line":114,"column":32}},"100":{"start":{"line":115,"column":11},"end":{"line":182,"column":5}},"101":{"start":{"line":116,"column":8},"end":{"line":116,"column":18}},"102":{"start":{"line":117,"column":8},"end":{"line":117,"column":29}},"103":{"start":{"line":118,"column":11},"end":{"line":182,"column":5}},"104":{"start":{"line":119,"column":8},"end":{"line":119,"column":18}},"105":{"start":{"line":120,"column":8},"end":{"line":120,"column":29}},"106":{"start":{"line":121,"column":11},"end":{"line":182,"column":5}},"107":{"start":{"line":122,"column":8},"end":{"line":122,"column":18}},"108":{"start":{"line":123,"column":8},"end":{"line":123,"column":27}},"109":{"start":{"line":124,"column":11},"end":{"line":182,"column":5}},"110":{"start":{"line":125,"column":8},"end":{"line":125,"column":18}},"111":{"start":{"line":126,"column":8},"end":{"line":126,"column":23}},"112":{"start":{"line":127,"column":11},"end":{"line":182,"column":5}},"113":{"start":{"line":128,"column":8},"end":{"line":128,"column":18}},"114":{"start":{"line":129,"column":8},"end":{"line":129,"column":27}},"115":{"start":{"line":130,"column":11},"end":{"line":182,"column":5}},"116":{"start":{"line":131,"column":8},"end":{"line":131,"column":18}},"117":{"start":{"line":132,"column":8},"end":{"line":132,"column":25}},"118":{"start":{"line":133,"column":11},"end":{"line":182,"column":5}},"119":{"start":{"line":134,"column":8},"end":{"line":134,"column":18}},"120":{"start":{"line":135,"column":8},"end":{"line":135,"column":31}},"121":{"start":{"line":136,"column":11},"end":{"line":182,"column":5}},"122":{"start":{"line":137,"column":8},"end":{"line":137,"column":18}},"123":{"start":{"line":138,"column":8},"end":{"line":138,"column":30}},"124":{"start":{"line":139,"column":11},"end":{"line":182,"column":5}},"125":{"start":{"line":140,"column":8},"end":{"line":140,"column":18}},"126":{"start":{"line":141,"column":8},"end":{"line":141,"column":31}},"127":{"start":{"line":142,"column":11},"end":{"line":182,"column":5}},"128":{"start":{"line":143,"column":8},"end":{"line":143,"column":18}},"129":{"start":{"line":144,"column":8},"end":{"line":144,"column":33}},"130":{"start":{"line":145,"column":11},"end":{"line":182,"column":5}},"131":{"start":{"line":146,"column":8},"end":{"line":146,"column":18}},"132":{"start":{"line":147,"column":8},"end":{"line":147,"column":31}},"133":{"start":{"line":148,"column":11},"end":{"line":182,"column":5}},"134":{"start":{"line":149,"column":8},"end":{"line":149,"column":18}},"135":{"start":{"line":150,"column":8},"end":{"line":150,"column":28}},"136":{"start":{"line":151,"column":11},"end":{"line":182,"column":5}},"137":{"start":{"line":152,"column":8},"end":{"line":152,"column":18}},"138":{"start":{"line":153,"column":8},"end":{"line":153,"column":24}},"139":{"start":{"line":154,"column":11},"end":{"line":182,"column":5}},"140":{"start":{"line":155,"column":8},"end":{"line":155,"column":18}},"141":{"start":{"line":156,"column":8},"end":{"line":156,"column":23}},"142":{"start":{"line":157,"column":11},"end":{"line":182,"column":5}},"143":{"start":{"line":158,"column":8},"end":{"line":158,"column":18}},"144":{"start":{"line":159,"column":8},"end":{"line":159,"column":26}},"145":{"start":{"line":160,"column":11},"end":{"line":182,"column":5}},"146":{"start":{"line":161,"column":8},"end":{"line":161,"column":18}},"147":{"start":{"line":162,"column":8},"end":{"line":162,"column":26}},"148":{"start":{"line":163,"column":11},"end":{"line":182,"column":5}},"149":{"start":{"line":164,"column":8},"end":{"line":164,"column":18}},"150":{"start":{"line":165,"column":8},"end":{"line":165,"column":32}},"151":{"start":{"line":166,"column":11},"end":{"line":182,"column":5}},"152":{"start":{"line":167,"column":8},"end":{"line":167,"column":18}},"153":{"start":{"line":168,"column":8},"end":{"line":168,"column":29}},"154":{"start":{"line":169,"column":11},"end":{"line":182,"column":5}},"155":{"start":{"line":170,"column":8},"end":{"line":170,"column":18}},"156":{"start":{"line":171,"column":8},"end":{"line":171,"column":32}},"157":{"start":{"line":172,"column":11},"end":{"line":182,"column":5}},"158":{"start":{"line":173,"column":8},"end":{"line":173,"column":18}},"159":{"start":{"line":174,"column":8},"end":{"line":174,"column":28}},"160":{"start":{"line":175,"column":11},"end":{"line":182,"column":5}},"161":{"start":{"line":176,"column":8},"end":{"line":176,"column":18}},"162":{"start":{"line":177,"column":8},"end":{"line":177,"column":26}},"163":{"start":{"line":179,"column":8},"end":{"line":179,"column":20}},"164":{"start":{"line":180,"column":8},"end":{"line":180,"column":23}},"165":{"start":{"line":181,"column":8},"end":{"line":181,"column":56}},"166":{"start":{"line":184,"column":4},"end":{"line":184,"column":14}}},"fnMap":{"0":{"name":"getState","decl":{"start":{"line":1,"column":9},"end":{"line":1,"column":17}},"loc":{"start":{"line":1,"column":29},"end":{"line":185,"column":3}},"line":1}},"branchMap":{"0":{"loc":{"start":{"line":4,"column":4},"end":{"line":7,"column":5}},"type":"if","locations":[{"start":{"line":4,"column":4},"end":{"line":7,"column":5}},{"start":{"line":4,"column":4},"end":{"line":7,"column":5}}],"line":4},"1":{"loc":{"start":{"line":10,"column":4},"end":{"line":13,"column":5}},"type":"if","locations":[{"start":{"line":10,"column":4},"end":{"line":13,"column":5}},{"start":{"line":10,"column":4},"end":{"line":13,"column":5}}],"line":10},"2":{"loc":{"start":{"line":22,"column":4},"end":{"line":182,"column":5}},"type":"if","locations":[{"start":{"line":22,"column":4},"end":{"line":182,"column":5}},{"start":{"line":22,"column":4},"end":{"line":182,"column":5}}],"line":22},"3":{"loc":{"start":{"line":22,"column":8},"end":{"line":22,"column":44}},"type":"binary-expr","locations":[{"start":{"line":22,"column":8},"end":{"line":22,"column":24}},{"start":{"line":22,"column":28},"end":{"line":22,"column":44}}],"line":22},"4":{"loc":{"start":{"line":25,"column":11},"end":{"line":182,"column":5}},"type":"if","locations":[{"start":{"line":25,"column":11},"end":{"line":182,"column":5}},{"start":{"line":25,"column":11},"end":{"line":182,"column":5}}],"line":25},"5":{"loc":{"start":{"line":25,"column":15},"end":{"line":25,"column":51}},"type":"binary-expr","locations":[{"start":{"line":25,"column":15},"end":{"line":25,"column":31}},{"start":{"line":25,"column":35},"end":{"line":25,"column":51}}],"line":25},"6":{"loc":{"start":{"line":28,"column":11},"end":{"line":182,"column":5}},"type":"if","locations":[{"start":{"line":28,"column":11},"end":{"line":182,"column":5}},{"start":{"line":28,"column":11},"end":{"line":182,"column":5}}],"line":28},"7":{"loc":{"start":{"line":28,"column":15},"end":{"line":28,"column":51}},"type":"binary-expr","locations":[{"start":{"line":28,"column":15},"end":{"line":28,"column":31}},{"start":{"line":28,"column":35},"end":{"line":28,"column":51}}],"line":28},"8":{"loc":{"start":{"line":31,"column":11},"end":{"line":182,"column":5}},"type":"if","locations":[{"start":{"line":31,"column":11},"end":{"line":182,"column":5}},{"start":{"line":31,"column":11},"end":{"line":182,"column":5}}],"line":31},"9":{"loc":{"start":{"line":31,"column":15},"end":{"line":31,"column":51}},"type":"binary-expr","locations":[{"start":{"line":31,"column":15},"end":{"line":31,"column":31}},{"start":{"line":31,"column":35},"end":{"line":31,"column":51}}],"line":31},"10":{"loc":{"start":{"line":34,"column":11},"end":{"line":182,"column":5}},"type":"if","locations":[{"start":{"line":34,"column":11},"end":{"line":182,"column":5}},{"start":{"line":34,"column":11},"end":{"line":182,"column":5}}],"line":34},"11":{"loc":{"start":{"line":34,"column":15},"end":{"line":34,"column":51}},"type":"binary-expr","locations":[{"start":{"line":34,"column":15},"end":{"line":34,"column":31}},{"start":{"line":34,"column":35},"end":{"line":34,"column":51}}],"line":34},"12":{"loc":{"start":{"line":37,"column":11},"end":{"line":182,"column":5}},"type":"if","locations":[{"start":{"line":37,"column":11},"end":{"line":182,"column":5}},{"start":{"line":37,"column":11},"end":{"line":182,"column":5}}],"line":37},"13":{"loc":{"start":{"line":37,"column":15},"end":{"line":37,"column":51}},"type":"binary-expr","locations":[{"start":{"line":37,"column":15},"end":{"line":37,"column":31}},{"start":{"line":37,"column":35},"end":{"line":37,"column":51}}],"line":37},"14":{"loc":{"start":{"line":40,"column":11},"end":{"line":182,"column":5}},"type":"if","locations":[{"start":{"line":40,"column":11},"end":{"line":182,"column":5}},{"start":{"line":40,"column":11},"end":{"line":182,"column":5}}],"line":40},"15":{"loc":{"start":{"line":40,"column":15},"end":{"line":40,"column":49}},"type":"binary-expr","locations":[{"start":{"line":40,"column":15},"end":{"line":40,"column":30}},{"start":{"line":40,"column":34},"end":{"line":40,"column":49}}],"line":40},"16":{"loc":{"start":{"line":43,"column":11},"end":{"line":182,"column":5}},"type":"if","locations":[{"start":{"line":43,"column":11},"end":{"line":182,"column":5}},{"start":{"line":43,"column":11},"end":{"line":182,"column":5}}],"line":43},"17":{"loc":{"start":{"line":43,"column":15},"end":{"line":43,"column":51}},"type":"binary-expr","locations":[{"start":{"line":43,"column":15},"end":{"line":43,"column":31}},{"start":{"line":43,"column":35},"end":{"line":43,"column":51}}],"line":43},"18":{"loc":{"start":{"line":46,"column":11},"end":{"line":182,"column":5}},"type":"if","locations":[{"start":{"line":46,"column":11},"end":{"line":182,"column":5}},{"start":{"line":46,"column":11},"end":{"line":182,"column":5}}],"line":46},"19":{"loc":{"start":{"line":46,"column":15},"end":{"line":46,"column":51}},"type":"binary-expr","locations":[{"start":{"line":46,"column":15},"end":{"line":46,"column":31}},{"start":{"line":46,"column":35},"end":{"line":46,"column":51}}],"line":46},"20":{"loc":{"start":{"line":49,"column":11},"end":{"line":182,"column":5}},"type":"if","locations":[{"start":{"line":49,"column":11},"end":{"line":182,"column":5}},{"start":{"line":49,"column":11},"end":{"line":182,"column":5}}],"line":49},"21":{"loc":{"start":{"line":49,"column":15},"end":{"line":49,"column":51}},"type":"binary-expr","locations":[{"start":{"line":49,"column":15},"end":{"line":49,"column":31}},{"start":{"line":49,"column":35},"end":{"line":49,"column":51}}],"line":49},"22":{"loc":{"start":{"line":52,"column":11},"end":{"line":182,"column":5}},"type":"if","locations":[{"start":{"line":52,"column":11},"end":{"line":182,"column":5}},{"start":{"line":52,"column":11},"end":{"line":182,"column":5}}],"line":52},"23":{"loc":{"start":{"line":52,"column":15},"end":{"line":52,"column":51}},"type":"binary-expr","locations":[{"start":{"line":52,"column":15},"end":{"line":52,"column":31}},{"start":{"line":52,"column":35},"end":{"line":52,"column":51}}],"line":52},"24":{"loc":{"start":{"line":55,"column":11},"end":{"line":182,"column":5}},"type":"if","locations":[{"start":{"line":55,"column":11},"end":{"line":182,"column":5}},{"start":{"line":55,"column":11},"end":{"line":182,"column":5}}],"line":55},"25":{"loc":{"start":{"line":55,"column":15},"end":{"line":55,"column":51}},"type":"binary-expr","locations":[{"start":{"line":55,"column":15},"end":{"line":55,"column":31}},{"start":{"line":55,"column":35},"end":{"line":55,"column":51}}],"line":55},"26":{"loc":{"start":{"line":58,"column":11},"end":{"line":182,"column":5}},"type":"if","locations":[{"start":{"line":58,"column":11},"end":{"line":182,"column":5}},{"start":{"line":58,"column":11},"end":{"line":182,"column":5}}],"line":58},"27":{"loc":{"start":{"line":58,"column":15},"end":{"line":58,"column":51}},"type":"binary-expr","locations":[{"start":{"line":58,"column":15},"end":{"line":58,"column":31}},{"start":{"line":58,"column":35},"end":{"line":58,"column":51}}],"line":58},"28":{"loc":{"start":{"line":61,"column":11},"end":{"line":182,"column":5}},"type":"if","locations":[{"start":{"line":61,"column":11},"end":{"line":182,"column":5}},{"start":{"line":61,"column":11},"end":{"line":182,"column":5}}],"line":61},"29":{"loc":{"start":{"line":61,"column":15},"end":{"line":61,"column":51}},"type":"binary-expr","locations":[{"start":{"line":61,"column":15},"end":{"line":61,"column":31}},{"start":{"line":61,"column":35},"end":{"line":61,"column":51}}],"line":61},"30":{"loc":{"start":{"line":64,"column":11},"end":{"line":182,"column":5}},"type":"if","locations":[{"start":{"line":64,"column":11},"end":{"line":182,"column":5}},{"start":{"line":64,"column":11},"end":{"line":182,"column":5}}],"line":64},"31":{"loc":{"start":{"line":64,"column":15},"end":{"line":64,"column":51}},"type":"binary-expr","locations":[{"start":{"line":64,"column":15},"end":{"line":64,"column":31}},{"start":{"line":64,"column":35},"end":{"line":64,"column":51}}],"line":64},"32":{"loc":{"start":{"line":67,"column":11},"end":{"line":182,"column":5}},"type":"if","locations":[{"start":{"line":67,"column":11},"end":{"line":182,"column":5}},{"start":{"line":67,"column":11},"end":{"line":182,"column":5}}],"line":67},"33":{"loc":{"start":{"line":67,"column":15},"end":{"line":67,"column":51}},"type":"binary-expr","locations":[{"start":{"line":67,"column":15},"end":{"line":67,"column":31}},{"start":{"line":67,"column":35},"end":{"line":67,"column":51}}],"line":67},"34":{"loc":{"start":{"line":70,"column":11},"end":{"line":182,"column":5}},"type":"if","locations":[{"start":{"line":70,"column":11},"end":{"line":182,"column":5}},{"start":{"line":70,"column":11},"end":{"line":182,"column":5}}],"line":70},"35":{"loc":{"start":{"line":70,"column":15},"end":{"line":70,"column":51}},"type":"binary-expr","locations":[{"start":{"line":70,"column":15},"end":{"line":70,"column":31}},{"start":{"line":70,"column":35},"end":{"line":70,"column":51}}],"line":70},"36":{"loc":{"start":{"line":73,"column":11},"end":{"line":182,"column":5}},"type":"if","locations":[{"start":{"line":73,"column":11},"end":{"line":182,"column":5}},{"start":{"line":73,"column":11},"end":{"line":182,"column":5}}],"line":73},"37":{"loc":{"start":{"line":73,"column":15},"end":{"line":73,"column":51}},"type":"binary-expr","locations":[{"start":{"line":73,"column":15},"end":{"line":73,"column":31}},{"start":{"line":73,"column":35},"end":{"line":73,"column":51}}],"line":73},"38":{"loc":{"start":{"line":76,"column":11},"end":{"line":182,"column":5}},"type":"if","locations":[{"start":{"line":76,"column":11},"end":{"line":182,"column":5}},{"start":{"line":76,"column":11},"end":{"line":182,"column":5}}],"line":76},"39":{"loc":{"start":{"line":76,"column":15},"end":{"line":76,"column":49}},"type":"binary-expr","locations":[{"start":{"line":76,"column":15},"end":{"line":76,"column":30}},{"start":{"line":76,"column":34},"end":{"line":76,"column":49}}],"line":76},"40":{"loc":{"start":{"line":79,"column":11},"end":{"line":182,"column":5}},"type":"if","locations":[{"start":{"line":79,"column":11},"end":{"line":182,"column":5}},{"start":{"line":79,"column":11},"end":{"line":182,"column":5}}],"line":79},"41":{"loc":{"start":{"line":79,"column":15},"end":{"line":79,"column":51}},"type":"binary-expr","locations":[{"start":{"line":79,"column":15},"end":{"line":79,"column":31}},{"start":{"line":79,"column":35},"end":{"line":79,"column":51}}],"line":79},"42":{"loc":{"start":{"line":82,"column":11},"end":{"line":182,"column":5}},"type":"if","locations":[{"start":{"line":82,"column":11},"end":{"line":182,"column":5}},{"start":{"line":82,"column":11},"end":{"line":182,"column":5}}],"line":82},"43":{"loc":{"start":{"line":82,"column":15},"end":{"line":82,"column":49}},"type":"binary-expr","locations":[{"start":{"line":82,"column":15},"end":{"line":82,"column":30}},{"start":{"line":82,"column":34},"end":{"line":82,"column":49}}],"line":82},"44":{"loc":{"start":{"line":85,"column":11},"end":{"line":182,"column":5}},"type":"if","locations":[{"start":{"line":85,"column":11},"end":{"line":182,"column":5}},{"start":{"line":85,"column":11},"end":{"line":182,"column":5}}],"line":85},"45":{"loc":{"start":{"line":85,"column":15},"end":{"line":85,"column":51}},"type":"binary-expr","locations":[{"start":{"line":85,"column":15},"end":{"line":85,"column":31}},{"start":{"line":85,"column":35},"end":{"line":85,"column":51}}],"line":85},"46":{"loc":{"start":{"line":88,"column":11},"end":{"line":182,"column":5}},"type":"if","locations":[{"start":{"line":88,"column":11},"end":{"line":182,"column":5}},{"start":{"line":88,"column":11},"end":{"line":182,"column":5}}],"line":88},"47":{"loc":{"start":{"line":88,"column":15},"end":{"line":88,"column":51}},"type":"binary-expr","locations":[{"start":{"line":88,"column":15},"end":{"line":88,"column":31}},{"start":{"line":88,"column":35},"end":{"line":88,"column":51}}],"line":88},"48":{"loc":{"start":{"line":91,"column":11},"end":{"line":182,"column":5}},"type":"if","locations":[{"start":{"line":91,"column":11},"end":{"line":182,"column":5}},{"start":{"line":91,"column":11},"end":{"line":182,"column":5}}],"line":91},"49":{"loc":{"start":{"line":91,"column":15},"end":{"line":91,"column":51}},"type":"binary-expr","locations":[{"start":{"line":91,"column":15},"end":{"line":91,"column":31}},{"start":{"line":91,"column":35},"end":{"line":91,"column":51}}],"line":91},"50":{"loc":{"start":{"line":94,"column":11},"end":{"line":182,"column":5}},"type":"if","locations":[{"start":{"line":94,"column":11},"end":{"line":182,"column":5}},{"start":{"line":94,"column":11},"end":{"line":182,"column":5}}],"line":94},"51":{"loc":{"start":{"line":94,"column":15},"end":{"line":94,"column":51}},"type":"binary-expr","locations":[{"start":{"line":94,"column":15},"end":{"line":94,"column":31}},{"start":{"line":94,"column":35},"end":{"line":94,"column":51}}],"line":94},"52":{"loc":{"start":{"line":97,"column":11},"end":{"line":182,"column":5}},"type":"if","locations":[{"start":{"line":97,"column":11},"end":{"line":182,"column":5}},{"start":{"line":97,"column":11},"end":{"line":182,"column":5}}],"line":97},"53":{"loc":{"start":{"line":97,"column":15},"end":{"line":97,"column":51}},"type":"binary-expr","locations":[{"start":{"line":97,"column":15},"end":{"line":97,"column":31}},{"start":{"line":97,"column":35},"end":{"line":97,"column":51}}],"line":97},"54":{"loc":{"start":{"line":100,"column":11},"end":{"line":182,"column":5}},"type":"if","locations":[{"start":{"line":100,"column":11},"end":{"line":182,"column":5}},{"start":{"line":100,"column":11},"end":{"line":182,"column":5}}],"line":100},"55":{"loc":{"start":{"line":100,"column":15},"end":{"line":100,"column":51}},"type":"binary-expr","locations":[{"start":{"line":100,"column":15},"end":{"line":100,"column":31}},{"start":{"line":100,"column":35},"end":{"line":100,"column":51}}],"line":100},"56":{"loc":{"start":{"line":103,"column":11},"end":{"line":182,"column":5}},"type":"if","locations":[{"start":{"line":103,"column":11},"end":{"line":182,"column":5}},{"start":{"line":103,"column":11},"end":{"line":182,"column":5}}],"line":103},"57":{"loc":{"start":{"line":103,"column":15},"end":{"line":103,"column":51}},"type":"binary-expr","locations":[{"start":{"line":103,"column":15},"end":{"line":103,"column":31}},{"start":{"line":103,"column":35},"end":{"line":103,"column":51}}],"line":103},"58":{"loc":{"start":{"line":106,"column":11},"end":{"line":182,"column":5}},"type":"if","locations":[{"start":{"line":106,"column":11},"end":{"line":182,"column":5}},{"start":{"line":106,"column":11},"end":{"line":182,"column":5}}],"line":106},"59":{"loc":{"start":{"line":106,"column":15},"end":{"line":106,"column":51}},"type":"binary-expr","locations":[{"start":{"line":106,"column":15},"end":{"line":106,"column":31}},{"start":{"line":106,"column":35},"end":{"line":106,"column":51}}],"line":106},"60":{"loc":{"start":{"line":109,"column":11},"end":{"line":182,"column":5}},"type":"if","locations":[{"start":{"line":109,"column":11},"end":{"line":182,"column":5}},{"start":{"line":109,"column":11},"end":{"line":182,"column":5}}],"line":109},"61":{"loc":{"start":{"line":109,"column":15},"end":{"line":109,"column":51}},"type":"binary-expr","locations":[{"start":{"line":109,"column":15},"end":{"line":109,"column":31}},{"start":{"line":109,"column":35},"end":{"line":109,"column":51}}],"line":109},"62":{"loc":{"start":{"line":112,"column":11},"end":{"line":182,"column":5}},"type":"if","locations":[{"start":{"line":112,"column":11},"end":{"line":182,"column":5}},{"start":{"line":112,"column":11},"end":{"line":182,"column":5}}],"line":112},"63":{"loc":{"start":{"line":112,"column":15},"end":{"line":112,"column":49}},"type":"binary-expr","locations":[{"start":{"line":112,"column":15},"end":{"line":112,"column":30}},{"start":{"line":112,"column":34},"end":{"line":112,"column":49}}],"line":112},"64":{"loc":{"start":{"line":115,"column":11},"end":{"line":182,"column":5}},"type":"if","locations":[{"start":{"line":115,"column":11},"end":{"line":182,"column":5}},{"start":{"line":115,"column":11},"end":{"line":182,"column":5}}],"line":115},"65":{"loc":{"start":{"line":115,"column":15},"end":{"line":115,"column":49}},"type":"binary-expr","locations":[{"start":{"line":115,"column":15},"end":{"line":115,"column":30}},{"start":{"line":115,"column":34},"end":{"line":115,"column":49}}],"line":115},"66":{"loc":{"start":{"line":118,"column":11},"end":{"line":182,"column":5}},"type":"if","locations":[{"start":{"line":118,"column":11},"end":{"line":182,"column":5}},{"start":{"line":118,"column":11},"end":{"line":182,"column":5}}],"line":118},"67":{"loc":{"start":{"line":118,"column":15},"end":{"line":118,"column":51}},"type":"binary-expr","locations":[{"start":{"line":118,"column":15},"end":{"line":118,"column":31}},{"start":{"line":118,"column":35},"end":{"line":118,"column":51}}],"line":118},"68":{"loc":{"start":{"line":121,"column":11},"end":{"line":182,"column":5}},"type":"if","locations":[{"start":{"line":121,"column":11},"end":{"line":182,"column":5}},{"start":{"line":121,"column":11},"end":{"line":182,"column":5}}],"line":121},"69":{"loc":{"start":{"line":121,"column":15},"end":{"line":121,"column":51}},"type":"binary-expr","locations":[{"start":{"line":121,"column":15},"end":{"line":121,"column":31}},{"start":{"line":121,"column":35},"end":{"line":121,"column":51}}],"line":121},"70":{"loc":{"start":{"line":124,"column":11},"end":{"line":182,"column":5}},"type":"if","locations":[{"start":{"line":124,"column":11},"end":{"line":182,"column":5}},{"start":{"line":124,"column":11},"end":{"line":182,"column":5}}],"line":124},"71":{"loc":{"start":{"line":124,"column":15},"end":{"line":124,"column":51}},"type":"binary-expr","locations":[{"start":{"line":124,"column":15},"end":{"line":124,"column":31}},{"start":{"line":124,"column":35},"end":{"line":124,"column":51}}],"line":124},"72":{"loc":{"start":{"line":127,"column":11},"end":{"line":182,"column":5}},"type":"if","locations":[{"start":{"line":127,"column":11},"end":{"line":182,"column":5}},{"start":{"line":127,"column":11},"end":{"line":182,"column":5}}],"line":127},"73":{"loc":{"start":{"line":127,"column":15},"end":{"line":127,"column":51}},"type":"binary-expr","locations":[{"start":{"line":127,"column":15},"end":{"line":127,"column":31}},{"start":{"line":127,"column":35},"end":{"line":127,"column":51}}],"line":127},"74":{"loc":{"start":{"line":130,"column":11},"end":{"line":182,"column":5}},"type":"if","locations":[{"start":{"line":130,"column":11},"end":{"line":182,"column":5}},{"start":{"line":130,"column":11},"end":{"line":182,"column":5}}],"line":130},"75":{"loc":{"start":{"line":130,"column":15},"end":{"line":130,"column":51}},"type":"binary-expr","locations":[{"start":{"line":130,"column":15},"end":{"line":130,"column":31}},{"start":{"line":130,"column":35},"end":{"line":130,"column":51}}],"line":130},"76":{"loc":{"start":{"line":133,"column":11},"end":{"line":182,"column":5}},"type":"if","locations":[{"start":{"line":133,"column":11},"end":{"line":182,"column":5}},{"start":{"line":133,"column":11},"end":{"line":182,"column":5}}],"line":133},"77":{"loc":{"start":{"line":133,"column":15},"end":{"line":133,"column":51}},"type":"binary-expr","locations":[{"start":{"line":133,"column":15},"end":{"line":133,"column":31}},{"start":{"line":133,"column":35},"end":{"line":133,"column":51}}],"line":133},"78":{"loc":{"start":{"line":136,"column":11},"end":{"line":182,"column":5}},"type":"if","locations":[{"start":{"line":136,"column":11},"end":{"line":182,"column":5}},{"start":{"line":136,"column":11},"end":{"line":182,"column":5}}],"line":136},"79":{"loc":{"start":{"line":136,"column":15},"end":{"line":136,"column":47}},"type":"binary-expr","locations":[{"start":{"line":136,"column":15},"end":{"line":136,"column":29}},{"start":{"line":136,"column":33},"end":{"line":136,"column":47}}],"line":136},"80":{"loc":{"start":{"line":139,"column":11},"end":{"line":182,"column":5}},"type":"if","locations":[{"start":{"line":139,"column":11},"end":{"line":182,"column":5}},{"start":{"line":139,"column":11},"end":{"line":182,"column":5}}],"line":139},"81":{"loc":{"start":{"line":139,"column":15},"end":{"line":139,"column":49}},"type":"binary-expr","locations":[{"start":{"line":139,"column":15},"end":{"line":139,"column":30}},{"start":{"line":139,"column":34},"end":{"line":139,"column":49}}],"line":139},"82":{"loc":{"start":{"line":142,"column":11},"end":{"line":182,"column":5}},"type":"if","locations":[{"start":{"line":142,"column":11},"end":{"line":182,"column":5}},{"start":{"line":142,"column":11},"end":{"line":182,"column":5}}],"line":142},"83":{"loc":{"start":{"line":142,"column":15},"end":{"line":142,"column":51}},"type":"binary-expr","locations":[{"start":{"line":142,"column":15},"end":{"line":142,"column":31}},{"start":{"line":142,"column":35},"end":{"line":142,"column":51}}],"line":142},"84":{"loc":{"start":{"line":145,"column":11},"end":{"line":182,"column":5}},"type":"if","locations":[{"start":{"line":145,"column":11},"end":{"line":182,"column":5}},{"start":{"line":145,"column":11},"end":{"line":182,"column":5}}],"line":145},"85":{"loc":{"start":{"line":145,"column":15},"end":{"line":145,"column":51}},"type":"binary-expr","locations":[{"start":{"line":145,"column":15},"end":{"line":145,"column":31}},{"start":{"line":145,"column":35},"end":{"line":145,"column":51}}],"line":145},"86":{"loc":{"start":{"line":148,"column":11},"end":{"line":182,"column":5}},"type":"if","locations":[{"start":{"line":148,"column":11},"end":{"line":182,"column":5}},{"start":{"line":148,"column":11},"end":{"line":182,"column":5}}],"line":148},"87":{"loc":{"start":{"line":148,"column":15},"end":{"line":148,"column":51}},"type":"binary-expr","locations":[{"start":{"line":148,"column":15},"end":{"line":148,"column":31}},{"start":{"line":148,"column":35},"end":{"line":148,"column":51}}],"line":148},"88":{"loc":{"start":{"line":151,"column":11},"end":{"line":182,"column":5}},"type":"if","locations":[{"start":{"line":151,"column":11},"end":{"line":182,"column":5}},{"start":{"line":151,"column":11},"end":{"line":182,"column":5}}],"line":151},"89":{"loc":{"start":{"line":151,"column":16},"end":{"line":151,"column":96}},"type":"binary-expr","locations":[{"start":{"line":151,"column":17},"end":{"line":151,"column":33}},{"start":{"line":151,"column":37},"end":{"line":151,"column":53}},{"start":{"line":151,"column":59},"end":{"line":151,"column":75}},{"start":{"line":151,"column":79},"end":{"line":151,"column":95}}],"line":151},"90":{"loc":{"start":{"line":154,"column":11},"end":{"line":182,"column":5}},"type":"if","locations":[{"start":{"line":154,"column":11},"end":{"line":182,"column":5}},{"start":{"line":154,"column":11},"end":{"line":182,"column":5}}],"line":154},"91":{"loc":{"start":{"line":154,"column":15},"end":{"line":154,"column":51}},"type":"binary-expr","locations":[{"start":{"line":154,"column":15},"end":{"line":154,"column":31}},{"start":{"line":154,"column":35},"end":{"line":154,"column":51}}],"line":154},"92":{"loc":{"start":{"line":157,"column":11},"end":{"line":182,"column":5}},"type":"if","locations":[{"start":{"line":157,"column":11},"end":{"line":182,"column":5}},{"start":{"line":157,"column":11},"end":{"line":182,"column":5}}],"line":157},"93":{"loc":{"start":{"line":157,"column":15},"end":{"line":157,"column":49}},"type":"binary-expr","locations":[{"start":{"line":157,"column":15},"end":{"line":157,"column":30}},{"start":{"line":157,"column":34},"end":{"line":157,"column":49}}],"line":157},"94":{"loc":{"start":{"line":160,"column":11},"end":{"line":182,"column":5}},"type":"if","locations":[{"start":{"line":160,"column":11},"end":{"line":182,"column":5}},{"start":{"line":160,"column":11},"end":{"line":182,"column":5}}],"line":160},"95":{"loc":{"start":{"line":160,"column":15},"end":{"line":160,"column":51}},"type":"binary-expr","locations":[{"start":{"line":160,"column":15},"end":{"line":160,"column":31}},{"start":{"line":160,"column":35},"end":{"line":160,"column":51}}],"line":160},"96":{"loc":{"start":{"line":163,"column":11},"end":{"line":182,"column":5}},"type":"if","locations":[{"start":{"line":163,"column":11},"end":{"line":182,"column":5}},{"start":{"line":163,"column":11},"end":{"line":182,"column":5}}],"line":163},"97":{"loc":{"start":{"line":163,"column":15},"end":{"line":163,"column":51}},"type":"binary-expr","locations":[{"start":{"line":163,"column":15},"end":{"line":163,"column":31}},{"start":{"line":163,"column":35},"end":{"line":163,"column":51}}],"line":163},"98":{"loc":{"start":{"line":166,"column":11},"end":{"line":182,"column":5}},"type":"if","locations":[{"start":{"line":166,"column":11},"end":{"line":182,"column":5}},{"start":{"line":166,"column":11},"end":{"line":182,"column":5}}],"line":166},"99":{"loc":{"start":{"line":166,"column":15},"end":{"line":166,"column":51}},"type":"binary-expr","locations":[{"start":{"line":166,"column":15},"end":{"line":166,"column":31}},{"start":{"line":166,"column":35},"end":{"line":166,"column":51}}],"line":166},"100":{"loc":{"start":{"line":169,"column":11},"end":{"line":182,"column":5}},"type":"if","locations":[{"start":{"line":169,"column":11},"end":{"line":182,"column":5}},{"start":{"line":169,"column":11},"end":{"line":182,"column":5}}],"line":169},"101":{"loc":{"start":{"line":169,"column":15},"end":{"line":169,"column":51}},"type":"binary-expr","locations":[{"start":{"line":169,"column":15},"end":{"line":169,"column":31}},{"start":{"line":169,"column":35},"end":{"line":169,"column":51}}],"line":169},"102":{"loc":{"start":{"line":172,"column":11},"end":{"line":182,"column":5}},"type":"if","locations":[{"start":{"line":172,"column":11},"end":{"line":182,"column":5}},{"start":{"line":172,"column":11},"end":{"line":182,"column":5}}],"line":172},"103":{"loc":{"start":{"line":172,"column":15},"end":{"line":172,"column":51}},"type":"binary-expr","locations":[{"start":{"line":172,"column":15},"end":{"line":172,"column":31}},{"start":{"line":172,"column":35},"end":{"line":172,"column":51}}],"line":172},"104":{"loc":{"start":{"line":175,"column":11},"end":{"line":182,"column":5}},"type":"if","locations":[{"start":{"line":175,"column":11},"end":{"line":182,"column":5}},{"start":{"line":175,"column":11},"end":{"line":182,"column":5}}],"line":175},"105":{"loc":{"start":{"line":175,"column":15},"end":{"line":175,"column":51}},"type":"binary-expr","locations":[{"start":{"line":175,"column":15},"end":{"line":175,"column":31}},{"start":{"line":175,"column":35},"end":{"line":175,"column":51}}],"line":175}},"s":{"0":2,"1":0,"2":0,"3":2,"4":0,"5":0,"6":2,"7":2,"8":0,"9":0,"10":2,"11":0,"12":0,"13":2,"14":0,"15":0,"16":2,"17":0,"18":0,"19":2,"20":0,"21":0,"22":2,"23":0,"24":0,"25":2,"26":0,"27":0,"28":2,"29":0,"30":0,"31":2,"32":0,"33":0,"34":2,"35":0,"36":0,"37":2,"38":0,"39":0,"40":2,"41":0,"42":0,"43":2,"44":0,"45":0,"46":2,"47":0,"48":0,"49":2,"50":0,"51":0,"52":2,"53":0,"54":0,"55":2,"56":0,"57":0,"58":2,"59":0,"60":0,"61":2,"62":0,"63":0,"64":2,"65":0,"66":0,"67":2,"68":0,"69":0,"70":2,"71":0,"72":0,"73":2,"74":0,"75":0,"76":2,"77":0,"78":0,"79":2,"80":0,"81":0,"82":2,"83":0,"84":0,"85":2,"86":0,"87":0,"88":2,"89":0,"90":0,"91":2,"92":0,"93":0,"94":2,"95":0,"96":0,"97":2,"98":1,"99":1,"100":1,"101":0,"102":0,"103":1,"104":0,"105":0,"106":1,"107":0,"108":0,"109":1,"110":0,"111":0,"112":1,"113":0,"114":0,"115":1,"116":0,"117":0,"118":1,"119":0,"120":0,"121":1,"122":1,"123":1,"124":0,"125":0,"126":0,"127":0,"128":0,"129":0,"130":0,"131":0,"132":0,"133":0,"134":0,"135":0,"136":0,"137":0,"138":0,"139":0,"140":0,"141":0,"142":0,"143":0,"144":0,"145":0,"146":0,"147":0,"148":0,"149":0,"150":0,"151":0,"152":0,"153":0,"154":0,"155":0,"156":0,"157":0,"158":0,"159":0,"160":0,"161":0,"162":0,"163":0,"164":0,"165":0,"166":2},"f":{"0":2},"b":{"0":[0,2],"1":[0,2],"2":[0,2],"3":[2,0],"4":[0,2],"5":[2,0],"6":[0,2],"7":[2,0],"8":[0,2],"9":[2,0],"10":[0,2],"11":[2,0],"12":[0,2],"13":[2,0],"14":[0,2],"15":[2,0],"16":[0,2],"17":[2,0],"18":[0,2],"19":[2,0],"20":[0,2],"21":[2,0],"22":[0,2],"23":[2,0],"24":[0,2],"25":[2,0],"26":[0,2],"27":[2,0],"28":[0,2],"29":[2,0],"30":[0,2],"31":[2,0],"32":[0,2],"33":[2,0],"34":[0,2],"35":[2,0],"36":[0,2],"37":[2,0],"38":[0,2],"39":[2,0],"40":[0,2],"41":[2,0],"42":[0,2],"43":[2,1],"44":[0,2],"45":[2,0],"46":[0,2],"47":[2,0],"48":[0,2],"49":[2,0],"50":[0,2],"51":[2,0],"52":[0,2],"53":[2,0],"54":[0,2],"55":[2,0],"56":[0,2],"57":[2,0],"58":[0,2],"59":[2,0],"60":[0,2],"61":[2,0],"62":[1,1],"63":[2,1],"64":[0,1],"65":[1,0],"66":[0,1],"67":[1,0],"68":[0,1],"69":[1,0],"70":[0,1],"71":[1,0],"72":[0,1],"73":[1,0],"74":[0,1],"75":[1,0],"76":[0,1],"77":[1,0],"78":[1,0],"79":[1,1],"80":[0,0],"81":[0,0],"82":[0,0],"83":[0,0],"84":[0,0],"85":[0,0],"86":[0,0],"87":[0,0],"88":[0,0],"89":[0,0,0,0],"90":[0,0],"91":[0,0],"92":[0,0],"93":[0,0],"94":[0,0],"95":[0,0],"96":[0,0],"97":[0,0],"98":[0,0],"99":[0,0],"100":[0,0],"101":[0,0],"102":[0,0],"103":[0,0],"104":[0,0],"105":[0,0]},"_coverageSchema":"1a1c01bbd47fc00a2c39e90264f33305004495a9","hash":"0ec2973a4186a9d1fafbe3832554540219716c92"}
}
