TN:
SF:src/js/components/stateFromZip.js
FN:1,getState
FNF:1
FNH:1
FNDA:2,getState
DA:4,2
DA:5,0
DA:6,0
DA:10,2
DA:11,0
DA:12,0
DA:16,2
DA:22,2
DA:23,0
DA:24,0
DA:25,2
DA:26,0
DA:27,0
DA:28,2
DA:29,0
DA:30,0
DA:31,2
DA:32,0
DA:33,0
DA:34,2
DA:35,0
DA:36,0
DA:37,2
DA:38,0
DA:39,0
DA:40,2
DA:41,0
DA:42,0
DA:43,2
DA:44,0
DA:45,0
DA:46,2
DA:47,0
DA:48,0
DA:49,2
DA:50,0
DA:51,0
DA:52,2
DA:53,0
DA:54,0
DA:55,2
DA:56,0
DA:57,0
DA:58,2
DA:59,0
DA:60,0
DA:61,2
DA:62,0
DA:63,0
DA:64,2
DA:65,0
DA:66,0
DA:67,2
DA:68,0
DA:69,0
DA:70,2
DA:71,0
DA:72,0
DA:73,2
DA:74,0
DA:75,0
DA:76,2
DA:77,0
DA:78,0
DA:79,2
DA:80,0
DA:81,0
DA:82,2
DA:83,0
DA:84,0
DA:85,2
DA:86,0
DA:87,0
DA:88,2
DA:89,0
DA:90,0
DA:91,2
DA:92,0
DA:93,0
DA:94,2
DA:95,0
DA:96,0
DA:97,2
DA:98,0
DA:99,0
DA:100,2
DA:101,0
DA:102,0
DA:103,2
DA:104,0
DA:105,0
DA:106,2
DA:107,0
DA:108,0
DA:109,2
DA:110,0
DA:111,0
DA:112,2
DA:113,1
DA:114,1
DA:115,1
DA:116,0
DA:117,0
DA:118,1
DA:119,0
DA:120,0
DA:121,1
DA:122,0
DA:123,0
DA:124,1
DA:125,0
DA:126,0
DA:127,1
DA:128,0
DA:129,0
DA:130,1
DA:131,0
DA:132,0
DA:133,1
DA:134,0
DA:135,0
DA:136,1
DA:137,1
DA:138,1
DA:139,0
DA:140,0
DA:141,0
DA:142,0
DA:143,0
DA:144,0
DA:145,0
DA:146,0
DA:147,0
DA:148,0
DA:149,0
DA:150,0
DA:151,0
DA:152,0
DA:153,0
DA:154,0
DA:155,0
DA:156,0
DA:157,0
DA:158,0
DA:159,0
DA:160,0
DA:161,0
DA:162,0
DA:163,0
DA:164,0
DA:165,0
DA:166,0
DA:167,0
DA:168,0
DA:169,0
DA:170,0
DA:171,0
DA:172,0
DA:173,0
DA:174,0
DA:175,0
DA:176,0
DA:177,0
DA:179,0
DA:180,0
DA:181,0
DA:184,2
LF:167
LH:47
BRDA:4,0,0,0
BRDA:4,0,1,2
BRDA:10,1,0,0
BRDA:10,1,1,2
BRDA:22,2,0,0
BRDA:22,2,1,2
BRDA:22,3,0,2
BRDA:22,3,1,0
BRDA:25,4,0,0
BRDA:25,4,1,2
BRDA:25,5,0,2
BRDA:25,5,1,0
BRDA:28,6,0,0
BRDA:28,6,1,2
BRDA:28,7,0,2
BRDA:28,7,1,0
BRDA:31,8,0,0
BRDA:31,8,1,2
BRDA:31,9,0,2
BRDA:31,9,1,0
BRDA:34,10,0,0
BRDA:34,10,1,2
BRDA:34,11,0,2
BRDA:34,11,1,0
BRDA:37,12,0,0
BRDA:37,12,1,2
BRDA:37,13,0,2
BRDA:37,13,1,0
BRDA:40,14,0,0
BRDA:40,14,1,2
BRDA:40,15,0,2
BRDA:40,15,1,0
BRDA:43,16,0,0
BRDA:43,16,1,2
BRDA:43,17,0,2
BRDA:43,17,1,0
BRDA:46,18,0,0
BRDA:46,18,1,2
BRDA:46,19,0,2
BRDA:46,19,1,0
BRDA:49,20,0,0
BRDA:49,20,1,2
BRDA:49,21,0,2
BRDA:49,21,1,0
BRDA:52,22,0,0
BRDA:52,22,1,2
BRDA:52,23,0,2
BRDA:52,23,1,0
BRDA:55,24,0,0
BRDA:55,24,1,2
BRDA:55,25,0,2
BRDA:55,25,1,0
BRDA:58,26,0,0
BRDA:58,26,1,2
BRDA:58,27,0,2
BRDA:58,27,1,0
BRDA:61,28,0,0
BRDA:61,28,1,2
BRDA:61,29,0,2
BRDA:61,29,1,0
BRDA:64,30,0,0
BRDA:64,30,1,2
BRDA:64,31,0,2
BRDA:64,31,1,0
BRDA:67,32,0,0
BRDA:67,32,1,2
BRDA:67,33,0,2
BRDA:67,33,1,0
BRDA:70,34,0,0
BRDA:70,34,1,2
BRDA:70,35,0,2
BRDA:70,35,1,0
BRDA:73,36,0,0
BRDA:73,36,1,2
BRDA:73,37,0,2
BRDA:73,37,1,0
BRDA:76,38,0,0
BRDA:76,38,1,2
BRDA:76,39,0,2
BRDA:76,39,1,0
BRDA:79,40,0,0
BRDA:79,40,1,2
BRDA:79,41,0,2
BRDA:79,41,1,0
BRDA:82,42,0,0
BRDA:82,42,1,2
BRDA:82,43,0,2
BRDA:82,43,1,1
BRDA:85,44,0,0
BRDA:85,44,1,2
BRDA:85,45,0,2
BRDA:85,45,1,0
BRDA:88,46,0,0
BRDA:88,46,1,2
BRDA:88,47,0,2
BRDA:88,47,1,0
BRDA:91,48,0,0
BRDA:91,48,1,2
BRDA:91,49,0,2
BRDA:91,49,1,0
BRDA:94,50,0,0
BRDA:94,50,1,2
BRDA:94,51,0,2
BRDA:94,51,1,0
BRDA:97,52,0,0
BRDA:97,52,1,2
BRDA:97,53,0,2
BRDA:97,53,1,0
BRDA:100,54,0,0
BRDA:100,54,1,2
BRDA:100,55,0,2
BRDA:100,55,1,0
BRDA:103,56,0,0
BRDA:103,56,1,2
BRDA:103,57,0,2
BRDA:103,57,1,0
BRDA:106,58,0,0
BRDA:106,58,1,2
BRDA:106,59,0,2
BRDA:106,59,1,0
BRDA:109,60,0,0
BRDA:109,60,1,2
BRDA:109,61,0,2
BRDA:109,61,1,0
BRDA:112,62,0,1
BRDA:112,62,1,1
BRDA:112,63,0,2
BRDA:112,63,1,1
BRDA:115,64,0,0
BRDA:115,64,1,1
BRDA:115,65,0,1
BRDA:115,65,1,0
BRDA:118,66,0,0
BRDA:118,66,1,1
BRDA:118,67,0,1
BRDA:118,67,1,0
BRDA:121,68,0,0
BRDA:121,68,1,1
BRDA:121,69,0,1
BRDA:121,69,1,0
BRDA:124,70,0,0
BRDA:124,70,1,1
BRDA:124,71,0,1
BRDA:124,71,1,0
BRDA:127,72,0,0
BRDA:127,72,1,1
BRDA:127,73,0,1
BRDA:127,73,1,0
BRDA:130,74,0,0
BRDA:130,74,1,1
BRDA:130,75,0,1
BRDA:130,75,1,0
BRDA:133,76,0,0
BRDA:133,76,1,1
BRDA:133,77,0,1
BRDA:133,77,1,0
BRDA:136,78,0,1
BRDA:136,78,1,0
BRDA:136,79,0,1
BRDA:136,79,1,1
BRDA:139,80,0,0
BRDA:139,80,1,0
BRDA:139,81,0,0
BRDA:139,81,1,0
BRDA:142,82,0,0
BRDA:142,82,1,0
BRDA:142,83,0,0
BRDA:142,83,1,0
BRDA:145,84,0,0
BRDA:145,84,1,0
BRDA:145,85,0,0
BRDA:145,85,1,0
BRDA:148,86,0,0
BRDA:148,86,1,0
BRDA:148,87,0,0
BRDA:148,87,1,0
BRDA:151,88,0,0
BRDA:151,88,1,0
BRDA:151,89,0,0
BRDA:151,89,1,0
BRDA:151,89,2,0
BRDA:151,89,3,0
BRDA:154,90,0,0
BRDA:154,90,1,0
BRDA:154,91,0,0
BRDA:154,91,1,0
BRDA:157,92,0,0
BRDA:157,92,1,0
BRDA:157,93,0,0
BRDA:157,93,1,0
BRDA:160,94,0,0
BRDA:160,94,1,0
BRDA:160,95,0,0
BRDA:160,95,1,0
BRDA:163,96,0,0
BRDA:163,96,1,0
BRDA:163,97,0,0
BRDA:163,97,1,0
BRDA:166,98,0,0
BRDA:166,98,1,0
BRDA:166,99,0,0
BRDA:166,99,1,0
BRDA:169,100,0,0
BRDA:169,100,1,0
BRDA:169,101,0,0
BRDA:169,101,1,0
BRDA:172,102,0,0
BRDA:172,102,1,0
BRDA:172,103,0,0
BRDA:172,103,1,0
BRDA:175,104,0,0
BRDA:175,104,1,0
BRDA:175,105,0,0
BRDA:175,105,1,0
BRF:214
BRH:84
end_of_record
